<?xml version="1.0" encoding="UTF-8"?>
<Site BuildName="Win32-MSBuild"
	BuildStamp="20251005-2123-Experimental"
	Name="Hunters-Tower"
	Generator="ctest-4.1.1"
	CompilerName="C:/Program Files/Microsoft Visual Studio/2022/Community/VC/Tools/MSVC/14.44.35207/bin/Hostx86/x64/cl.exe"
	CompilerVersion="19.44.35214.0"
	OSName="Windows"
	Hostname="Hunters-Tower"
	OSRelease=" Personal"
	OSVersion=" (Build 26100)"
	OSPlatform="AMD64"
	Is64Bits="1"
	VendorString="GenuineIntel"
	VendorID="Intel Corporation"
	FamilyID="6"
	ModelID="7"
	ModelName=""
	ProcessorCacheSize="-1"
	NumberOfLogicalCPU="16"
	NumberOfPhysicalCPU="8"
	TotalVirtualMemory="37211"
	TotalPhysicalMemory="32603"
	LogicalProcessorsPerPhysical="2"
	ProcessorClockFrequency="3600"
	>
	<Testing>
		<StartDateTime>Oct 05 14:23 Pacific Daylight Time</StartDateTime>
		<StartTestTime>1759699396</StartTestTime>
		<TestList/>
		<EndDateTime>Oct 05 14:23 Pacific Daylight Time</EndDateTime>
		<EndTestTime>1759699396</EndTestTime>
		<ElapsedMinutes>0</ElapsedMinutes>
	</Testing>
</Site>
